2023-04-24 15:15:28,709 [Worker-7: Loading available Gradle versions] INFO  o.e.b.c.i.u.g.PublishedGradleVersions - Gradle version information cache is up-to-date. Trying to read.
2023-04-24 15:16:40,094 [Worker-2: Import Getting Started Content] INFO  o.e.m.c.i.l.LifecycleMappingFactory - Using org.eclipse.m2e.jdt.JarLifecycleMapping lifecycle mapping for MavenProject: com.example:Review1:0.0.1-SNAPSHOT @ D:\restapi\Review1\Review1\pom.xml.
2023-04-24 15:16:41,564 [Worker-2: Import Getting Started Content] INFO  o.e.m.j.i.AbstractJavaProjectConfigurator - Adding source folder /Review1/src/main/java
2023-04-24 15:16:41,564 [Worker-2: Import Getting Started Content] INFO  o.e.m.j.i.AbstractJavaProjectConfigurator - Adding resource folder /Review1/src/main/resources
2023-04-24 15:16:41,571 [Worker-2: Import Getting Started Content] INFO  o.e.m.j.i.AbstractJavaProjectConfigurator - Adding resource folder /Review1/src/main/resources
2023-04-24 15:16:41,579 [Worker-2: Import Getting Started Content] INFO  o.e.m.j.i.AbstractJavaProjectConfigurator - Adding source folder /Review1/src/test/java
2023-04-24 15:16:43,079 [Worker-2: Import Getting Started Content] INFO  o.e.m.c.i.p.ProjectConfigurationManager - Imported and configured 1 project(s) in 4 sec
2023-04-24 15:16:43,088 [Worker-2: Import Getting Started Content] INFO  o.e.m.c.i.p.ProjectConfigurationManager - Update started
2023-04-24 15:16:43,358 [Worker-2: Import Getting Started Content] INFO  o.e.m.c.i.l.LifecycleMappingFactory - Using org.eclipse.m2e.jdt.JarLifecycleMapping lifecycle mapping for MavenProject: com.example:Review1:0.0.1-SNAPSHOT @ D:\restapi\Review1\Review1\pom.xml.
2023-04-24 15:16:43,959 [Worker-2: Import Getting Started Content] INFO  o.e.m.j.i.AbstractJavaProjectConfigurator - Adding source folder /Review1/src/main/java
2023-04-24 15:16:43,959 [Worker-2: Import Getting Started Content] INFO  o.e.m.j.i.AbstractJavaProjectConfigurator - Adding resource folder /Review1/src/main/resources
2023-04-24 15:16:43,959 [Worker-2: Import Getting Started Content] INFO  o.e.m.j.i.AbstractJavaProjectConfigurator - Adding resource folder /Review1/src/main/resources
2023-04-24 15:16:43,960 [Worker-2: Import Getting Started Content] INFO  o.e.m.j.i.AbstractJavaProjectConfigurator - Adding source folder /Review1/src/test/java
2023-04-24 15:16:44,518 [Worker-2: Import Getting Started Content] INFO  o.e.m.c.i.p.ProjectConfigurationManager - Update completed for 1 poms: local refresh takes 0.00 sec, refresh facades takes 0.00 sec, update config takes 0.00 sec 
2023-04-24 15:36:04,000 [Worker-19: Building] INFO  o.e.m.c.i.l.LifecycleMappingFactory - Using org.eclipse.m2e.jdt.JarLifecycleMapping lifecycle mapping for MavenProject: com.example:Review1:0.0.1-SNAPSHOT @ D:\restapi\Review1\Review1\pom.xml.
2023-04-24 15:36:04,747 [Worker-19: Building] INFO  o.a.m.s.f.DefaultMavenResourcesFiltering - Copying 0 resource from src\main\resources to target\classes
2023-04-24 15:36:04,747 [Worker-19: Building] INFO  o.a.m.s.f.DefaultMavenResourcesFiltering - Copying 0 resource from src\main\resources to target\classes
2023-04-24 15:36:04,752 [Worker-19: Building] INFO  o.a.m.s.f.DefaultMavenResourcesFiltering - skip non existing resourceDirectory D:\restapi\Review1\Review1\src\test\resources
2023-04-24 15:36:05,931 [Worker-17: Building] INFO  o.a.m.s.f.DefaultMavenResourcesFiltering - Copying 1 resource from src\main\resources to target\classes
2023-04-24 15:36:05,953 [Worker-17: Building] INFO  o.a.m.s.f.DefaultMavenResourcesFiltering - Copying 0 resource from src\main\resources to target\classes
2023-04-24 15:36:05,959 [Worker-17: Building] INFO  o.a.m.s.f.DefaultMavenResourcesFiltering - skip non existing resourceDirectory D:\restapi\Review1\Review1\src\test\resources
2023-04-24 15:36:09,008 [Worker-21: Building] INFO  o.e.m.c.i.l.LifecycleMappingFactory - Using org.eclipse.m2e.jdt.JarLifecycleMapping lifecycle mapping for MavenProject: com.example:Review1:0.0.1-SNAPSHOT @ D:\restapi\Review1\Review1\pom.xml.
2023-04-24 15:36:11,383 [Worker-21: Building] INFO  o.e.m.c.i.e.AbstractTransferListenerAdapter - Downloading https://repo.maven.apache.org/maven2/org/springframework/boot/spring-boot-devtools/3.0.3/spring-boot-devtools-3.0.3.pom
2023-04-24 15:36:11,743 [Worker-21: Building] INFO  o.e.m.c.i.e.AbstractTransferListenerAdapter - Downloaded https://repo.maven.apache.org/maven2/org/springframework/boot/spring-boot-devtools/3.0.3/spring-boot-devtools-3.0.3.pom
2023-04-24 15:36:12,101 [Worker-21: Building] INFO  o.e.m.c.i.e.AbstractTransferListenerAdapter - Downloading https://repo.maven.apache.org/maven2/org/springframework/boot/spring-boot-devtools/3.0.3/spring-boot-devtools-3.0.3.jar
2023-04-24 15:36:13,493 [Worker-21: Building] INFO  o.e.m.c.i.e.AbstractTransferListenerAdapter - Downloaded https://repo.maven.apache.org/maven2/org/springframework/boot/spring-boot-devtools/3.0.3/spring-boot-devtools-3.0.3.jar
2023-04-24 15:36:13,806 [Worker-21: Building] INFO  o.a.m.s.f.DefaultMavenResourcesFiltering - Copying 0 resource
2023-04-24 15:36:13,806 [Worker-21: Building] INFO  o.a.m.s.f.DefaultMavenResourcesFiltering - Copying 0 resource
2023-04-24 15:36:13,811 [Worker-21: Building] INFO  o.a.m.s.f.DefaultMavenResourcesFiltering - skip non existing resourceDirectory D:\restapi\Review1\Review1\src\test\resources
2023-04-24 15:36:14,133 [Worker-14: Updating Maven Project] INFO  o.e.m.c.i.p.ProjectConfigurationManager - Update started
2023-04-24 15:36:14,446 [Worker-14: Updating Maven Project] INFO  o.e.m.c.i.l.LifecycleMappingFactory - Using org.eclipse.m2e.jdt.JarLifecycleMapping lifecycle mapping for MavenProject: com.example:Review1:0.0.1-SNAPSHOT @ D:\restapi\Review1\Review1\pom.xml.
2023-04-24 15:36:14,958 [Worker-14: Updating Maven Project] INFO  o.e.m.j.i.AbstractJavaProjectConfigurator - Adding source folder /Review1/src/main/java
2023-04-24 15:36:14,958 [Worker-14: Updating Maven Project] INFO  o.e.m.j.i.AbstractJavaProjectConfigurator - Adding resource folder /Review1/src/main/resources
2023-04-24 15:36:14,958 [Worker-14: Updating Maven Project] INFO  o.e.m.j.i.AbstractJavaProjectConfigurator - Adding resource folder /Review1/src/main/resources
2023-04-24 15:36:14,959 [Worker-14: Updating Maven Project] INFO  o.e.m.j.i.AbstractJavaProjectConfigurator - Adding source folder /Review1/src/test/java
2023-04-24 15:36:15,323 [Worker-14: Updating Maven Project] INFO  o.e.m.c.i.p.ProjectConfigurationManager - Update completed for 1 poms: local refresh takes 0.00 sec, refresh facades takes 0.00 sec, update config takes 0.00 sec 
2023-04-24 15:36:15,646 [Worker-17: Download sources and javadoc] INFO  o.e.m.c.i.e.AbstractTransferListenerAdapter - Downloading https://repo.maven.apache.org/maven2/org/springframework/boot/spring-boot-devtools/3.0.3/spring-boot-devtools-3.0.3-sources.jar
2023-04-24 15:36:17,029 [Worker-17: Download sources and javadoc] INFO  o.e.m.c.i.e.AbstractTransferListenerAdapter - Downloaded https://repo.maven.apache.org/maven2/org/springframework/boot/spring-boot-devtools/3.0.3/spring-boot-devtools-3.0.3-sources.jar
2023-04-24 15:36:17,033 [Worker-17: Download sources and javadoc] INFO  o.e.m.j.internal.DownloadSourcesJob - Downloaded sources for org.springframework.boot:spring-boot-devtools:3.0.3
2023-04-24 15:40:07,853 [Worker-25: Building] INFO  o.e.m.c.i.l.LifecycleMappingFactory - Using org.eclipse.m2e.jdt.JarLifecycleMapping lifecycle mapping for MavenProject: com.example:Review1:0.0.1-SNAPSHOT @ D:\restapi\Review1\Review1\pom.xml.
2023-04-24 15:40:08,350 [Worker-25: Building] INFO  o.a.m.s.f.DefaultMavenResourcesFiltering - Copying 0 resource from src\main\resources to target\classes
2023-04-24 15:40:08,350 [Worker-25: Building] INFO  o.a.m.s.f.DefaultMavenResourcesFiltering - Copying 0 resource from src\main\resources to target\classes
2023-04-24 15:40:08,355 [Worker-25: Building] INFO  o.a.m.s.f.DefaultMavenResourcesFiltering - skip non existing resourceDirectory D:\restapi\Review1\Review1\src\test\resources
2023-04-24 15:40:08,404 [Worker-18: Updating Maven Project] INFO  o.e.m.c.i.p.ProjectConfigurationManager - Update started
2023-04-24 15:40:08,692 [Worker-18: Updating Maven Project] INFO  o.e.m.c.i.l.LifecycleMappingFactory - Using org.eclipse.m2e.jdt.JarLifecycleMapping lifecycle mapping for MavenProject: com.example:Review1:0.0.1-SNAPSHOT @ D:\restapi\Review1\Review1\pom.xml.
2023-04-24 15:40:09,417 [Worker-18: Updating Maven Project] INFO  o.e.m.j.i.AbstractJavaProjectConfigurator - Adding source folder /Review1/src/main/java
2023-04-24 15:40:09,417 [Worker-18: Updating Maven Project] INFO  o.e.m.j.i.AbstractJavaProjectConfigurator - Adding resource folder /Review1/src/main/resources
2023-04-24 15:40:09,418 [Worker-18: Updating Maven Project] INFO  o.e.m.j.i.AbstractJavaProjectConfigurator - Adding resource folder /Review1/src/main/resources
2023-04-24 15:40:09,418 [Worker-18: Updating Maven Project] INFO  o.e.m.j.i.AbstractJavaProjectConfigurator - Adding source folder /Review1/src/test/java
2023-04-24 15:40:09,807 [Worker-18: Updating Maven Project] INFO  o.e.m.c.i.p.ProjectConfigurationManager - Update completed for 1 poms: local refresh takes 0.00 sec, refresh facades takes 0.00 sec, update config takes 0.00 sec 
2023-04-24 15:40:33,477 [main] INFO  o.e.m2e.actions.ExecutePomAction - Creating new launch configuration
2023-04-24 15:40:41,820 [Worker-25: Launching Review1] INFO  o.eclipse.m2e.core.internal.Bundles - getClasspathEntries(Bundle=org.eclipse.m2e.maven.runtime_3.8.604.20221130-2149 [345])
2023-04-24 15:40:41,834 [Worker-25: Launching Review1] INFO  o.eclipse.m2e.core.internal.Bundles - 	Entry: D:\sts-4.17.2.RELEASE\plugins\org.eclipse.m2e.maven.runtime_3.8.604.20221130-2149
2023-04-24 15:40:41,834 [Worker-25: Launching Review1] INFO  o.eclipse.m2e.core.internal.Bundles - 	Entry: D:\sts-4.17.2.RELEASE\plugins\org.eclipse.m2e.maven.runtime_3.8.604.20221130-2149\jars\aether-connector-okhttp-0.17.8.jar
2023-04-24 15:40:41,834 [Worker-25: Launching Review1] INFO  o.eclipse.m2e.core.internal.Bundles - 	Entry: D:\sts-4.17.2.RELEASE\plugins\org.eclipse.m2e.maven.runtime_3.8.604.20221130-2149\jars\commons-cli-1.4.jar
2023-04-24 15:40:41,834 [Worker-25: Launching Review1] INFO  o.eclipse.m2e.core.internal.Bundles - 	Entry: D:\sts-4.17.2.RELEASE\plugins\org.eclipse.m2e.maven.runtime_3.8.604.20221130-2149\jars\commons-io-2.6.jar
2023-04-24 15:40:41,834 [Worker-25: Launching Review1] INFO  o.eclipse.m2e.core.internal.Bundles - 	Entry: D:\sts-4.17.2.RELEASE\plugins\org.eclipse.m2e.maven.runtime_3.8.604.20221130-2149\jars\commons-lang3-3.8.1.jar
2023-04-24 15:40:41,835 [Worker-25: Launching Review1] INFO  o.eclipse.m2e.core.internal.Bundles - 	Entry: D:\sts-4.17.2.RELEASE\plugins\org.eclipse.m2e.maven.runtime_3.8.604.20221130-2149\jars\guice-4.2.2-no_aop.jar
2023-04-24 15:40:41,835 [Worker-25: Launching Review1] INFO  o.eclipse.m2e.core.internal.Bundles - 	Entry: D:\sts-4.17.2.RELEASE\plugins\org.eclipse.m2e.maven.runtime_3.8.604.20221130-2149\jars\jansi-2.4.0.jar
2023-04-24 15:40:41,835 [Worker-25: Launching Review1] INFO  o.eclipse.m2e.core.internal.Bundles - 	Entry: D:\sts-4.17.2.RELEASE\plugins\org.eclipse.m2e.maven.runtime_3.8.604.20221130-2149\jars\maven-artifact-3.8.6.jar
2023-04-24 15:40:41,835 [Worker-25: Launching Review1] INFO  o.eclipse.m2e.core.internal.Bundles - 	Entry: D:\sts-4.17.2.RELEASE\plugins\org.eclipse.m2e.maven.runtime_3.8.604.20221130-2149\jars\maven-builder-support-3.8.6.jar
2023-04-24 15:40:41,835 [Worker-25: Launching Review1] INFO  o.eclipse.m2e.core.internal.Bundles - 	Entry: D:\sts-4.17.2.RELEASE\plugins\org.eclipse.m2e.maven.runtime_3.8.604.20221130-2149\jars\maven-compat-3.8.6.jar
2023-04-24 15:40:41,835 [Worker-25: Launching Review1] INFO  o.eclipse.m2e.core.internal.Bundles - 	Entry: D:\sts-4.17.2.RELEASE\plugins\org.eclipse.m2e.maven.runtime_3.8.604.20221130-2149\jars\maven-core-3.8.6.jar
2023-04-24 15:40:41,835 [Worker-25: Launching Review1] INFO  o.eclipse.m2e.core.internal.Bundles - 	Entry: D:\sts-4.17.2.RELEASE\plugins\org.eclipse.m2e.maven.runtime_3.8.604.20221130-2149\jars\maven-embedder-3.8.6.jar
2023-04-24 15:40:41,835 [Worker-25: Launching Review1] INFO  o.eclipse.m2e.core.internal.Bundles - 	Entry: D:\sts-4.17.2.RELEASE\plugins\org.eclipse.m2e.maven.runtime_3.8.604.20221130-2149\jars\maven-model-3.8.6.jar
2023-04-24 15:40:41,835 [Worker-25: Launching Review1] INFO  o.eclipse.m2e.core.internal.Bundles - 	Entry: D:\sts-4.17.2.RELEASE\plugins\org.eclipse.m2e.maven.runtime_3.8.604.20221130-2149\jars\maven-model-builder-3.8.6.jar
2023-04-24 15:40:41,835 [Worker-25: Launching Review1] INFO  o.eclipse.m2e.core.internal.Bundles - 	Entry: D:\sts-4.17.2.RELEASE\plugins\org.eclipse.m2e.maven.runtime_3.8.604.20221130-2149\jars\maven-plugin-api-3.8.6.jar
2023-04-24 15:40:41,835 [Worker-25: Launching Review1] INFO  o.eclipse.m2e.core.internal.Bundles - 	Entry: D:\sts-4.17.2.RELEASE\plugins\org.eclipse.m2e.maven.runtime_3.8.604.20221130-2149\jars\maven-repository-metadata-3.8.6.jar
2023-04-24 15:40:41,835 [Worker-25: Launching Review1] INFO  o.eclipse.m2e.core.internal.Bundles - 	Entry: D:\sts-4.17.2.RELEASE\plugins\org.eclipse.m2e.maven.runtime_3.8.604.20221130-2149\jars\maven-resolver-api-1.6.3.jar
2023-04-24 15:40:41,835 [Worker-25: Launching Review1] INFO  o.eclipse.m2e.core.internal.Bundles - 	Entry: D:\sts-4.17.2.RELEASE\plugins\org.eclipse.m2e.maven.runtime_3.8.604.20221130-2149\jars\maven-resolver-connector-basic-1.6.3.jar
2023-04-24 15:40:41,835 [Worker-25: Launching Review1] INFO  o.eclipse.m2e.core.internal.Bundles - 	Entry: D:\sts-4.17.2.RELEASE\plugins\org.eclipse.m2e.maven.runtime_3.8.604.20221130-2149\jars\maven-resolver-impl-1.6.3.jar
2023-04-24 15:40:41,835 [Worker-25: Launching Review1] INFO  o.eclipse.m2e.core.internal.Bundles - 	Entry: D:\sts-4.17.2.RELEASE\plugins\org.eclipse.m2e.maven.runtime_3.8.604.20221130-2149\jars\maven-resolver-provider-3.8.6.jar
2023-04-24 15:40:41,835 [Worker-25: Launching Review1] INFO  o.eclipse.m2e.core.internal.Bundles - 	Entry: D:\sts-4.17.2.RELEASE\plugins\org.eclipse.m2e.maven.runtime_3.8.604.20221130-2149\jars\maven-resolver-spi-1.6.3.jar
2023-04-24 15:40:41,836 [Worker-25: Launching Review1] INFO  o.eclipse.m2e.core.internal.Bundles - 	Entry: D:\sts-4.17.2.RELEASE\plugins\org.eclipse.m2e.maven.runtime_3.8.604.20221130-2149\jars\maven-resolver-transport-wagon-1.6.3.jar
2023-04-24 15:40:41,836 [Worker-25: Launching Review1] INFO  o.eclipse.m2e.core.internal.Bundles - 	Entry: D:\sts-4.17.2.RELEASE\plugins\org.eclipse.m2e.maven.runtime_3.8.604.20221130-2149\jars\maven-resolver-util-1.6.3.jar
2023-04-24 15:40:41,836 [Worker-25: Launching Review1] INFO  o.eclipse.m2e.core.internal.Bundles - 	Entry: D:\sts-4.17.2.RELEASE\plugins\org.eclipse.m2e.maven.runtime_3.8.604.20221130-2149\jars\maven-settings-3.8.6.jar
2023-04-24 15:40:41,836 [Worker-25: Launching Review1] INFO  o.eclipse.m2e.core.internal.Bundles - 	Entry: D:\sts-4.17.2.RELEASE\plugins\org.eclipse.m2e.maven.runtime_3.8.604.20221130-2149\jars\maven-settings-builder-3.8.6.jar
2023-04-24 15:40:41,836 [Worker-25: Launching Review1] INFO  o.eclipse.m2e.core.internal.Bundles - 	Entry: D:\sts-4.17.2.RELEASE\plugins\org.eclipse.m2e.maven.runtime_3.8.604.20221130-2149\jars\maven-shared-utils-3.3.4.jar
2023-04-24 15:40:41,836 [Worker-25: Launching Review1] INFO  o.eclipse.m2e.core.internal.Bundles - 	Entry: D:\sts-4.17.2.RELEASE\plugins\org.eclipse.m2e.maven.runtime_3.8.604.20221130-2149\jars\okhttp-3.14.1.jar
2023-04-24 15:40:41,836 [Worker-25: Launching Review1] INFO  o.eclipse.m2e.core.internal.Bundles - 	Entry: D:\sts-4.17.2.RELEASE\plugins\org.eclipse.m2e.maven.runtime_3.8.604.20221130-2149\jars\okio-1.17.3.jar
2023-04-24 15:40:41,836 [Worker-25: Launching Review1] INFO  o.eclipse.m2e.core.internal.Bundles - 	Entry: D:\sts-4.17.2.RELEASE\plugins\org.eclipse.m2e.maven.runtime_3.8.604.20221130-2149\jars\org.eclipse.sisu.inject-0.3.5.jar
2023-04-24 15:40:41,836 [Worker-25: Launching Review1] INFO  o.eclipse.m2e.core.internal.Bundles - 	Entry: D:\sts-4.17.2.RELEASE\plugins\org.eclipse.m2e.maven.runtime_3.8.604.20221130-2149\jars\org.eclipse.sisu.plexus-0.3.5.jar
2023-04-24 15:40:41,836 [Worker-25: Launching Review1] INFO  o.eclipse.m2e.core.internal.Bundles - 	Entry: D:\sts-4.17.2.RELEASE\plugins\org.eclipse.m2e.maven.runtime_3.8.604.20221130-2149\jars\plexus-build-api-0.0.7.jar
2023-04-24 15:40:41,836 [Worker-25: Launching Review1] INFO  o.eclipse.m2e.core.internal.Bundles - 	Entry: D:\sts-4.17.2.RELEASE\plugins\org.eclipse.m2e.maven.runtime_3.8.604.20221130-2149\jars\plexus-cipher-2.0.jar
2023-04-24 15:40:41,836 [Worker-25: Launching Review1] INFO  o.eclipse.m2e.core.internal.Bundles - 	Entry: D:\sts-4.17.2.RELEASE\plugins\org.eclipse.m2e.maven.runtime_3.8.604.20221130-2149\jars\plexus-classworlds-2.6.0.jar
2023-04-24 15:40:41,836 [Worker-25: Launching Review1] INFO  o.eclipse.m2e.core.internal.Bundles - 	Entry: D:\sts-4.17.2.RELEASE\plugins\org.eclipse.m2e.maven.runtime_3.8.604.20221130-2149\jars\plexus-component-annotations-2.1.0.jar
2023-04-24 15:40:41,837 [Worker-25: Launching Review1] INFO  o.eclipse.m2e.core.internal.Bundles - 	Entry: D:\sts-4.17.2.RELEASE\plugins\org.eclipse.m2e.maven.runtime_3.8.604.20221130-2149\jars\plexus-interpolation-1.26.jar
2023-04-24 15:40:41,837 [Worker-25: Launching Review1] INFO  o.eclipse.m2e.core.internal.Bundles - 	Entry: D:\sts-4.17.2.RELEASE\plugins\org.eclipse.m2e.maven.runtime_3.8.604.20221130-2149\jars\plexus-sec-dispatcher-2.0.jar
2023-04-24 15:40:41,837 [Worker-25: Launching Review1] INFO  o.eclipse.m2e.core.internal.Bundles - 	Entry: D:\sts-4.17.2.RELEASE\plugins\org.eclipse.m2e.maven.runtime_3.8.604.20221130-2149\jars\plexus-utils-3.3.1.jar
2023-04-24 15:40:41,837 [Worker-25: Launching Review1] INFO  o.eclipse.m2e.core.internal.Bundles - 	Entry: D:\sts-4.17.2.RELEASE\plugins\org.eclipse.m2e.maven.runtime_3.8.604.20221130-2149\jars\wagon-file-3.5.1.jar
2023-04-24 15:40:41,837 [Worker-25: Launching Review1] INFO  o.eclipse.m2e.core.internal.Bundles - 	Entry: D:\sts-4.17.2.RELEASE\plugins\org.eclipse.m2e.maven.runtime_3.8.604.20221130-2149\jars\wagon-provider-api-3.5.1.jar
2023-04-24 15:40:41,838 [Worker-25: Launching Review1] INFO  o.eclipse.m2e.core.internal.Bundles - getClasspathEntries(Bundle=com.google.guava_30.1.0.v20221112-0806 [22])
2023-04-24 15:40:41,840 [Worker-25: Launching Review1] INFO  o.eclipse.m2e.core.internal.Bundles - 	Entry: D:\sts-4.17.2.RELEASE\plugins\com.google.guava_30.1.0.v20221112-0806.jar
2023-04-24 15:40:41,840 [Worker-25: Launching Review1] INFO  o.eclipse.m2e.core.internal.Bundles - getClasspathEntries(Bundle=slf4j.api_1.7.36 [584])
2023-04-24 15:40:41,841 [Worker-25: Launching Review1] INFO  o.eclipse.m2e.core.internal.Bundles - 	Entry: D:\sts-4.17.2.RELEASE\plugins\slf4j.api_1.7.36.jar
2023-04-24 15:40:41,842 [Worker-25: Launching Review1] INFO  o.eclipse.m2e.core.internal.Bundles - getClasspathEntries(Bundle=javax.inject_1.0.0.v20220405-0441 [49])
2023-04-24 15:40:41,843 [Worker-25: Launching Review1] INFO  o.eclipse.m2e.core.internal.Bundles - 	Entry: D:\sts-4.17.2.RELEASE\plugins\javax.inject_1.0.0.v20220405-0441.jar
2023-04-24 15:40:41,844 [Worker-25: Launching Review1] INFO  o.eclipse.m2e.core.internal.Bundles - getClasspathEntries(Bundle=javax.annotation_1.3.5.v20221112-0806 [47])
2023-04-24 15:40:41,845 [Worker-25: Launching Review1] INFO  o.eclipse.m2e.core.internal.Bundles - 	Entry: D:\sts-4.17.2.RELEASE\plugins\javax.annotation_1.3.5.v20221112-0806.jar
2023-04-24 15:40:41,848 [Worker-25: Launching Review1] INFO  o.e.m.i.launch.MavenLaunchDelegate - Run build in "D:\restapi\Review1\Review1":
2023-04-24 15:40:41,849 [Worker-25: Launching Review1] INFO  o.e.m.i.launch.MavenLaunchDelegate -  mvn  -Ppom.xml -B -Dstyle.color=always clean install
2023-04-24 15:48:28,492 [Start Help Server] INFO  org.eclipse.jetty.server.Server - jetty-10.0.12; built: 2022-09-14T01:54:40.076Z; git: 408d0139887e27a57b54ed52e2d92a36731a7e88; jvm 17.0.6+10
2023-04-24 15:48:28,514 [Start Help Server] INFO  o.e.j.s.s.DefaultSessionIdManager - Session workerName=node0
2023-04-24 15:48:28,539 [Start Help Server] INFO  o.e.j.server.handler.ContextHandler - Started o.e.j.s.ServletContextHandler@3b6900a0{/help,null,AVAILABLE}
2023-04-24 15:48:28,560 [Start Help Server] INFO  o.e.jetty.server.AbstractConnector - Started ServerConnector@5647deea{HTTP/1.1, (http/1.1)}{127.0.0.1:64219}
2023-04-24 15:48:28,561 [Start Help Server] INFO  org.eclipse.jetty.server.Server - Started Server@6516e65e{STARTING}[10.0.12,sto=0] @1987369ms
2023-04-24 22:57:35,234 [Worker-47: Import Getting Started Content] INFO  o.e.m.c.i.l.LifecycleMappingFactory - Using org.eclipse.m2e.jdt.JarLifecycleMapping lifecycle mapping for MavenProject: com.example:Review1Watch:0.0.1-SNAPSHOT @ D:\restapi\Review1\Review1Watch\pom.xml.
2023-04-24 22:57:37,424 [Worker-47: Import Getting Started Content] INFO  o.e.m.c.i.e.AbstractTransferListenerAdapter - Downloading https://repo.maven.apache.org/maven2/org/springframework/boot/spring-boot-starter-data-rest/3.0.6/spring-boot-starter-data-rest-3.0.6.pom
2023-04-24 22:57:37,656 [Worker-47: Import Getting Started Content] INFO  o.e.m.c.i.e.AbstractTransferListenerAdapter - Downloaded https://repo.maven.apache.org/maven2/org/springframework/boot/spring-boot-starter-data-rest/3.0.6/spring-boot-starter-data-rest-3.0.6.pom
2023-04-24 22:57:37,888 [Worker-47: Import Getting Started Content] INFO  o.e.m.c.i.e.AbstractTransferListenerAdapter - Downloading https://repo.maven.apache.org/maven2/org/springframework/data/spring-data-rest-webmvc/4.0.5/spring-data-rest-webmvc-4.0.5.pom
2023-04-24 22:57:38,122 [Worker-47: Import Getting Started Content] INFO  o.e.m.c.i.e.AbstractTransferListenerAdapter - Downloaded https://repo.maven.apache.org/maven2/org/springframework/data/spring-data-rest-webmvc/4.0.5/spring-data-rest-webmvc-4.0.5.pom
2023-04-24 22:57:38,342 [Worker-47: Import Getting Started Content] INFO  o.e.m.c.i.e.AbstractTransferListenerAdapter - Downloading https://repo.maven.apache.org/maven2/org/springframework/data/spring-data-rest-parent/4.0.5/spring-data-rest-parent-4.0.5.pom
2023-04-24 22:57:38,792 [Worker-47: Import Getting Started Content] INFO  o.e.m.c.i.e.AbstractTransferListenerAdapter - Downloaded https://repo.maven.apache.org/maven2/org/springframework/data/spring-data-rest-parent/4.0.5/spring-data-rest-parent-4.0.5.pom
2023-04-24 22:57:39,018 [Worker-47: Import Getting Started Content] INFO  o.e.m.c.i.e.AbstractTransferListenerAdapter - Downloading https://repo.maven.apache.org/maven2/org/springframework/data/spring-data-rest-core/4.0.5/spring-data-rest-core-4.0.5.pom
2023-04-24 22:57:39,240 [Worker-47: Import Getting Started Content] INFO  o.e.m.c.i.e.AbstractTransferListenerAdapter - Downloaded https://repo.maven.apache.org/maven2/org/springframework/data/spring-data-rest-core/4.0.5/spring-data-rest-core-4.0.5.pom
2023-04-24 22:57:39,462 [Worker-47: Import Getting Started Content] INFO  o.e.m.c.i.e.AbstractTransferListenerAdapter - Downloading https://repo.maven.apache.org/maven2/org/springframework/hateoas/spring-hateoas/2.0.3/spring-hateoas-2.0.3.pom
2023-04-24 22:57:39,961 [Worker-47: Import Getting Started Content] INFO  o.e.m.c.i.e.AbstractTransferListenerAdapter - Downloaded https://repo.maven.apache.org/maven2/org/springframework/hateoas/spring-hateoas/2.0.3/spring-hateoas-2.0.3.pom
2023-04-24 22:57:40,171 [Worker-47: Import Getting Started Content] INFO  o.e.m.c.i.e.AbstractTransferListenerAdapter - Downloading https://repo.maven.apache.org/maven2/org/springframework/plugin/spring-plugin-core/3.0.0/spring-plugin-core-3.0.0.pom
2023-04-24 22:57:40,611 [Worker-47: Import Getting Started Content] INFO  o.e.m.c.i.e.AbstractTransferListenerAdapter - Downloaded https://repo.maven.apache.org/maven2/org/springframework/plugin/spring-plugin-core/3.0.0/spring-plugin-core-3.0.0.pom
2023-04-24 22:57:40,828 [Worker-47: Import Getting Started Content] INFO  o.e.m.c.i.e.AbstractTransferListenerAdapter - Downloading https://repo.maven.apache.org/maven2/org/atteo/evo-inflector/1.3/evo-inflector-1.3.pom
2023-04-24 22:57:41,085 [Worker-47: Import Getting Started Content] INFO  o.e.m.c.i.e.AbstractTransferListenerAdapter - Downloaded https://repo.maven.apache.org/maven2/org/atteo/evo-inflector/1.3/evo-inflector-1.3.pom
2023-04-24 22:57:41,300 [Worker-47: Import Getting Started Content] INFO  o.e.m.c.i.e.AbstractTransferListenerAdapter - Downloading https://repo.maven.apache.org/maven2/org/atteo/parent/1.19/parent-1.19.pom
2023-04-24 22:57:41,585 [Worker-47: Import Getting Started Content] INFO  o.e.m.c.i.e.AbstractTransferListenerAdapter - Downloaded https://repo.maven.apache.org/maven2/org/atteo/parent/1.19/parent-1.19.pom
2023-04-24 22:57:41,920 [AetherRepositoryConnector-repo.maven.apache.org-0-3] INFO  o.e.m.c.i.e.AbstractTransferListenerAdapter - Downloading https://repo.maven.apache.org/maven2/org/springframework/hateoas/spring-hateoas/2.0.3/spring-hateoas-2.0.3.jar
2023-04-24 22:57:42,763 [AetherRepositoryConnector-repo.maven.apache.org-0-0] INFO  o.e.m.c.i.e.AbstractTransferListenerAdapter - Downloading https://repo.maven.apache.org/maven2/org/springframework/boot/spring-boot-starter-data-rest/3.0.6/spring-boot-starter-data-rest-3.0.6.jar
2023-04-24 22:57:42,780 [AetherRepositoryConnector-repo.maven.apache.org-0-4] INFO  o.e.m.c.i.e.AbstractTransferListenerAdapter - Downloading https://repo.maven.apache.org/maven2/org/springframework/plugin/spring-plugin-core/3.0.0/spring-plugin-core-3.0.0.jar
2023-04-24 22:57:42,780 [AetherRepositoryConnector-repo.maven.apache.org-0-1] INFO  o.e.m.c.i.e.AbstractTransferListenerAdapter - Downloading https://repo.maven.apache.org/maven2/org/springframework/data/spring-data-rest-webmvc/4.0.5/spring-data-rest-webmvc-4.0.5.jar
2023-04-24 22:57:42,780 [AetherRepositoryConnector-repo.maven.apache.org-0-2] INFO  o.e.m.c.i.e.AbstractTransferListenerAdapter - Downloading https://repo.maven.apache.org/maven2/org/springframework/data/spring-data-rest-core/4.0.5/spring-data-rest-core-4.0.5.jar
2023-04-24 22:57:43,252 [AetherRepositoryConnector-repo.maven.apache.org-0-0] INFO  o.e.m.c.i.e.AbstractTransferListenerAdapter - Downloaded https://repo.maven.apache.org/maven2/org/springframework/boot/spring-boot-starter-data-rest/3.0.6/spring-boot-starter-data-rest-3.0.6.jar
2023-04-24 22:57:43,252 [AetherRepositoryConnector-repo.maven.apache.org-0-4] INFO  o.e.m.c.i.e.AbstractTransferListenerAdapter - Downloaded https://repo.maven.apache.org/maven2/org/springframework/plugin/spring-plugin-core/3.0.0/spring-plugin-core-3.0.0.jar
2023-04-24 22:57:43,252 [AetherRepositoryConnector-repo.maven.apache.org-0-3] INFO  o.e.m.c.i.e.AbstractTransferListenerAdapter - Downloaded https://repo.maven.apache.org/maven2/org/springframework/hateoas/spring-hateoas/2.0.3/spring-hateoas-2.0.3.jar
2023-04-24 22:57:43,316 [AetherRepositoryConnector-repo.maven.apache.org-0-2] INFO  o.e.m.c.i.e.AbstractTransferListenerAdapter - Downloaded https://repo.maven.apache.org/maven2/org/springframework/data/spring-data-rest-core/4.0.5/spring-data-rest-core-4.0.5.jar
2023-04-24 22:57:43,513 [AetherRepositoryConnector-repo.maven.apache.org-0-4] INFO  o.e.m.c.i.e.AbstractTransferListenerAdapter - Downloading https://repo.maven.apache.org/maven2/org/atteo/evo-inflector/1.3/evo-inflector-1.3.jar
2023-04-24 22:57:43,718 [AetherRepositoryConnector-repo.maven.apache.org-0-1] INFO  o.e.m.c.i.e.AbstractTransferListenerAdapter - Downloaded https://repo.maven.apache.org/maven2/org/springframework/data/spring-data-rest-webmvc/4.0.5/spring-data-rest-webmvc-4.0.5.jar
2023-04-24 22:57:43,973 [AetherRepositoryConnector-repo.maven.apache.org-0-4] INFO  o.e.m.c.i.e.AbstractTransferListenerAdapter - Downloaded https://repo.maven.apache.org/maven2/org/atteo/evo-inflector/1.3/evo-inflector-1.3.jar
2023-04-24 22:57:44,260 [Worker-47: Import Getting Started Content] INFO  o.e.m.j.i.AbstractJavaProjectConfigurator - Adding source folder /Review1Watch/src/main/java
2023-04-24 22:57:44,260 [Worker-47: Import Getting Started Content] INFO  o.e.m.j.i.AbstractJavaProjectConfigurator - Adding resource folder /Review1Watch/src/main/resources
2023-04-24 22:57:44,263 [Worker-47: Import Getting Started Content] INFO  o.e.m.j.i.AbstractJavaProjectConfigurator - Adding resource folder /Review1Watch/src/main/resources
2023-04-24 22:57:44,269 [Worker-47: Import Getting Started Content] INFO  o.e.m.j.i.AbstractJavaProjectConfigurator - Adding source folder /Review1Watch/src/test/java
2023-04-24 22:57:44,748 [Worker-47: Import Getting Started Content] INFO  o.e.m.c.i.p.ProjectConfigurationManager - Imported and configured 1 project(s) in 9 sec
2023-04-24 22:57:44,750 [Worker-47: Import Getting Started Content] INFO  o.e.m.c.i.p.ProjectConfigurationManager - Update started
2023-04-24 22:57:44,916 [Worker-47: Import Getting Started Content] INFO  o.e.m.c.i.l.LifecycleMappingFactory - Using org.eclipse.m2e.jdt.JarLifecycleMapping lifecycle mapping for MavenProject: com.example:Review1Watch:0.0.1-SNAPSHOT @ D:\restapi\Review1\Review1Watch\pom.xml.
2023-04-24 22:57:45,362 [Worker-47: Import Getting Started Content] INFO  o.e.m.j.i.AbstractJavaProjectConfigurator - Adding source folder /Review1Watch/src/main/java
2023-04-24 22:57:45,362 [Worker-47: Import Getting Started Content] INFO  o.e.m.j.i.AbstractJavaProjectConfigurator - Adding resource folder /Review1Watch/src/main/resources
2023-04-24 22:57:45,363 [Worker-47: Import Getting Started Content] INFO  o.e.m.j.i.AbstractJavaProjectConfigurator - Adding resource folder /Review1Watch/src/main/resources
2023-04-24 22:57:45,363 [Worker-47: Import Getting Started Content] INFO  o.e.m.j.i.AbstractJavaProjectConfigurator - Adding source folder /Review1Watch/src/test/java
2023-04-24 22:57:45,646 [Worker-47: Import Getting Started Content] INFO  o.e.m.c.i.p.ProjectConfigurationManager - Update completed for 1 poms: local refresh takes 0.00 sec, refresh facades takes 0.00 sec, update config takes 0.00 sec 
2023-04-24 22:57:46,033 [Worker-48: Download sources and javadoc] INFO  o.e.m.c.i.e.AbstractTransferListenerAdapter - Downloading https://repo.maven.apache.org/maven2/org/springframework/boot/spring-boot-starter-data-rest/3.0.6/spring-boot-starter-data-rest-3.0.6-sources.jar
2023-04-24 22:57:46,482 [Worker-48: Download sources and javadoc] INFO  o.e.m.c.i.e.AbstractTransferListenerAdapter - Downloaded https://repo.maven.apache.org/maven2/org/springframework/boot/spring-boot-starter-data-rest/3.0.6/spring-boot-starter-data-rest-3.0.6-sources.jar
2023-04-24 22:57:46,485 [Worker-48: Download sources and javadoc] INFO  o.e.m.j.internal.DownloadSourcesJob - Downloaded sources for org.springframework.boot:spring-boot-starter-data-rest:3.0.6
2023-04-24 22:57:47,403 [Worker-48: Download sources and javadoc] INFO  o.e.m.c.i.e.AbstractTransferListenerAdapter - Downloading https://repo.maven.apache.org/maven2/org/springframework/data/spring-data-rest-webmvc/4.0.5/spring-data-rest-webmvc-4.0.5-sources.jar
2023-04-24 22:57:48,818 [Worker-48: Download sources and javadoc] INFO  o.e.m.c.i.e.AbstractTransferListenerAdapter - Downloaded https://repo.maven.apache.org/maven2/org/springframework/data/spring-data-rest-webmvc/4.0.5/spring-data-rest-webmvc-4.0.5-sources.jar
2023-04-24 22:57:48,820 [Worker-48: Download sources and javadoc] INFO  o.e.m.j.internal.DownloadSourcesJob - Downloaded sources for org.springframework.data:spring-data-rest-webmvc:4.0.5
2023-04-24 22:57:49,693 [Worker-48: Download sources and javadoc] INFO  o.e.m.c.i.e.AbstractTransferListenerAdapter - Downloading https://repo.maven.apache.org/maven2/org/springframework/data/spring-data-rest-core/4.0.5/spring-data-rest-core-4.0.5-sources.jar
2023-04-24 22:57:50,691 [Worker-48: Download sources and javadoc] INFO  o.e.m.c.i.e.AbstractTransferListenerAdapter - Downloaded https://repo.maven.apache.org/maven2/org/springframework/data/spring-data-rest-core/4.0.5/spring-data-rest-core-4.0.5-sources.jar
2023-04-24 22:57:50,693 [Worker-48: Download sources and javadoc] INFO  o.e.m.j.internal.DownloadSourcesJob - Downloaded sources for org.springframework.data:spring-data-rest-core:4.0.5
2023-04-24 22:57:51,558 [Worker-48: Download sources and javadoc] INFO  o.e.m.c.i.e.AbstractTransferListenerAdapter - Downloading https://repo.maven.apache.org/maven2/org/springframework/hateoas/spring-hateoas/2.0.3/spring-hateoas-2.0.3-sources.jar
2023-04-24 22:57:55,250 [Worker-48: Download sources and javadoc] INFO  o.e.m.c.i.e.AbstractTransferListenerAdapter - Downloaded https://repo.maven.apache.org/maven2/org/springframework/hateoas/spring-hateoas/2.0.3/spring-hateoas-2.0.3-sources.jar
2023-04-24 22:57:55,252 [Worker-48: Download sources and javadoc] INFO  o.e.m.j.internal.DownloadSourcesJob - Downloaded sources for org.springframework.hateoas:spring-hateoas:2.0.3
2023-04-24 22:57:56,160 [Worker-48: Download sources and javadoc] INFO  o.e.m.c.i.e.AbstractTransferListenerAdapter - Downloading https://repo.maven.apache.org/maven2/org/springframework/plugin/spring-plugin-core/3.0.0/spring-plugin-core-3.0.0-sources.jar
2023-04-24 22:57:56,796 [Worker-48: Download sources and javadoc] INFO  o.e.m.c.i.e.AbstractTransferListenerAdapter - Downloaded https://repo.maven.apache.org/maven2/org/springframework/plugin/spring-plugin-core/3.0.0/spring-plugin-core-3.0.0-sources.jar
2023-04-24 22:57:56,798 [Worker-48: Download sources and javadoc] INFO  o.e.m.j.internal.DownloadSourcesJob - Downloaded sources for org.springframework.plugin:spring-plugin-core:3.0.0
2023-04-24 22:57:57,661 [Worker-48: Download sources and javadoc] INFO  o.e.m.c.i.e.AbstractTransferListenerAdapter - Downloading https://repo.maven.apache.org/maven2/org/atteo/evo-inflector/1.3/evo-inflector-1.3-sources.jar
2023-04-24 22:57:58,100 [Worker-48: Download sources and javadoc] INFO  o.e.m.c.i.e.AbstractTransferListenerAdapter - Downloaded https://repo.maven.apache.org/maven2/org/atteo/evo-inflector/1.3/evo-inflector-1.3-sources.jar
2023-04-24 22:57:58,102 [Worker-48: Download sources and javadoc] INFO  o.e.m.j.internal.DownloadSourcesJob - Downloaded sources for org.atteo:evo-inflector:1.3
2023-04-24 23:32:50,766 [Stop Help Server] INFO  org.eclipse.jetty.server.Server - Stopped Server@6516e65e{STOPPING}[10.0.12,sto=0]
2023-04-24 23:32:50,774 [Stop Help Server] INFO  o.e.jetty.server.AbstractConnector - Stopped ServerConnector@5647deea{HTTP/1.1, (http/1.1)}{127.0.0.1:0}
2023-04-24 23:32:50,784 [Stop Help Server] INFO  o.e.j.server.handler.ContextHandler - Stopped o.e.j.s.ServletContextHandler@3b6900a0{/help,null,STOPPED}
2023-04-24 23:33:11,154 [Worker-6: Loading available Gradle versions] INFO  o.e.b.c.i.u.g.PublishedGradleVersions - Gradle version information cache is up-to-date. Trying to read.
2023-04-24 23:38:13,266 [Worker-10: Building] INFO  o.a.m.s.f.DefaultMavenResourcesFiltering - Copying 1 resource from src\main\resources to target\classes
2023-04-24 23:38:13,287 [Worker-10: Building] INFO  o.a.m.s.f.DefaultMavenResourcesFiltering - Copying 0 resource from src\main\resources to target\classes
2023-04-24 23:38:13,291 [Worker-10: Building] INFO  o.a.m.s.f.DefaultMavenResourcesFiltering - skip non existing resourceDirectory D:\restapi\Review1\Review1Watch\src\test\resources
2023-04-24 23:38:38,231 [Worker-2: Loading available Gradle versions] INFO  o.e.b.c.i.u.g.PublishedGradleVersions - Gradle version information cache is up-to-date. Trying to read.
2023-04-24 23:38:51,584 [Worker-10: Launching Review1Watch - Review1WatchApplication] INFO  o.a.m.s.f.DefaultMavenResourcesFiltering - Copying 1 resource from src\main\resources to target\classes
2023-04-24 23:38:51,604 [Worker-10: Launching Review1Watch - Review1WatchApplication] INFO  o.a.m.s.f.DefaultMavenResourcesFiltering - Copying 0 resource from src\main\resources to target\classes
2023-04-24 23:38:51,608 [Worker-10: Launching Review1Watch - Review1WatchApplication] INFO  o.a.m.s.f.DefaultMavenResourcesFiltering - skip non existing resourceDirectory D:\restapi\Review1\Review1Watch\src\test\resources
2023-04-24 23:48:22,047 [Worker-15: Building] INFO  o.a.m.s.f.DefaultMavenResourcesFiltering - Copying 1 resource from src\main\resources to target\classes
2023-04-24 23:48:22,067 [Worker-15: Building] INFO  o.a.m.s.f.DefaultMavenResourcesFiltering - Copying 0 resource from src\main\resources to target\classes
2023-04-24 23:48:22,071 [Worker-15: Building] INFO  o.a.m.s.f.DefaultMavenResourcesFiltering - skip non existing resourceDirectory D:\restapi\Review1\Review1Watch\src\test\resources
2023-04-24 23:59:44,267 [Start Help Server] INFO  org.eclipse.jetty.server.Server - jetty-10.0.12; built: 2022-09-14T01:54:40.076Z; git: 408d0139887e27a57b54ed52e2d92a36731a7e88; jvm 17.0.6+10
2023-04-24 23:59:44,294 [Start Help Server] INFO  o.e.j.s.s.DefaultSessionIdManager - Session workerName=node0
2023-04-24 23:59:44,321 [Start Help Server] INFO  o.e.j.server.handler.ContextHandler - Started o.e.j.s.ServletContextHandler@17f05571{/help,null,AVAILABLE}
2023-04-24 23:59:44,358 [Start Help Server] INFO  o.e.jetty.server.AbstractConnector - Started ServerConnector@5c262a70{HTTP/1.1, (http/1.1)}{127.0.0.1:54379}
2023-04-24 23:59:44,372 [Start Help Server] INFO  org.eclipse.jetty.server.Server - Started Server@7cbbc8e8{STARTING}[10.0.12,sto=0] @1278747ms
2023-04-25 09:43:54,925 [Worker-35: Launching Review1Watch - Review1WatchApplication] INFO  o.a.m.s.f.DefaultMavenResourcesFiltering - Copying 1 resource from src\main\resources to target\classes
2023-04-25 09:43:54,943 [Worker-35: Launching Review1Watch - Review1WatchApplication] INFO  o.a.m.s.f.DefaultMavenResourcesFiltering - Copying 0 resource from src\main\resources to target\classes
2023-04-25 09:43:54,949 [Worker-35: Launching Review1Watch - Review1WatchApplication] INFO  o.a.m.s.f.DefaultMavenResourcesFiltering - skip non existing resourceDirectory D:\restapi\Review1\Review1Watch\src\test\resources
